<?xml version="1.0" encoding="UTF-8"?>
<testsuite xmlns:xsi="http://www.w3.org/2001/XMLSchema-instance" xsi:noNamespaceSchemaLocation="https://maven.apache.org/surefire/maven-surefire-plugin/xsd/surefire-test-report.xsd" version="3.0.2" name="com.example.demo.HelloControllerTest" time="2.5" tests="1" errors="0" skipped="0" failures="0">
  <properties>
[...]
</properties>
  <testcase name="testSayHello" classname="com.example.demo.HelloControllerTest" time="0.762">
    <system-out><![CDATA[16:11:26.547 [main] INFO org.springframework.test.context.support.AnnotationConfigContextLoaderUtils -- Could not detect default configuration classes for test class [com.example.demo.HelloControllerTest]: HelloControllerTest does not declare any static, non-private, non-final, nested classes annotated with @Configuration.
16:11:26.743 [main] INFO org.springframework.boot.test.context.SpringBootTestContextBootstrapper -- Found @SpringBootConfiguration com.example.demo.SpringBootTestingApplication for test class com.example.demo.HelloControllerTest

  .   ____          _            __ _ _
 /\\ / ___'_ __ _ _(_)_ __  __ _ \ \ \ \
( ( )\___ | '_ | '_| | '_ \/ _` | \ \ \ \
 \\/  ___)| |_)| | | | | || (_| |  ) ) ) )
  '  |____| .__|_| |_|_| |_\__, | / / / /
 =========|_|==============|___/=/_/_/_/

 :: Spring Boot ::       (v3.4.3-SNAPSHOT)

2025-02-15T16:11:27.174+05:30  INFO 13532 --- [           main] com.example.demo.HelloControllerTest     : Starting HelloControllerTest using Java 17.0.3 with PID 13532 (started by imabh in D:\ProgramsPractice\springboot-controller-testing)
2025-02-15T16:11:27.176+05:30  INFO 13532 --- [           main] com.example.demo.HelloControllerTest     : No active profile set, falling back to 1 default profile: "default"
2025-02-15T16:11:28.084+05:30  INFO 13532 --- [           main] o.s.b.t.m.w.SpringBootMockServletContext : Initializing Spring TestDispatcherServlet ''
2025-02-15T16:11:28.084+05:30  INFO 13532 --- [           main] o.s.t.web.servlet.TestDispatcherServlet  : Initializing Servlet ''
2025-02-15T16:11:28.087+05:30  INFO 13532 --- [           main] o.s.t.web.servlet.TestDispatcherServlet  : Completed initialization in 1 ms
2025-02-15T16:11:28.112+05:30  INFO 13532 --- [           main] com.example.demo.HelloControllerTest     : Started HelloControllerTest in 1.295 seconds (process running for 2.369)
]]></system-out>
  </testcase>
</testsuite>